0 info it worked if it ends with ok
1 verbose cli [ 'c:\\Program Files\\nodejs\\node.exe',
1 verbose cli   'c:\\Program Files\\nodejs\\node_modules\\npm\\bin\\npm-cli.js',
1 verbose cli   'install',
1 verbose cli   '--save',
1 verbose cli   'gulp-sourcemap' ]
2 info using npm@1.4.28
3 info using node@v0.10.36
4 warn package.json TIPLY-FRONTEND@1.0.0 No repository field.
5 warn package.json TIPLY-FRONTEND@1.0.0 No README data
6 verbose readDependencies using package.json deps
7 verbose cache add [ 'gulp-sourcemap', null ]
8 verbose cache add name=undefined spec="gulp-sourcemap" args=["gulp-sourcemap",null]
9 verbose parsed url { protocol: null,
9 verbose parsed url   slashes: null,
9 verbose parsed url   auth: null,
9 verbose parsed url   host: null,
9 verbose parsed url   port: null,
9 verbose parsed url   hostname: null,
9 verbose parsed url   hash: null,
9 verbose parsed url   search: null,
9 verbose parsed url   query: null,
9 verbose parsed url   pathname: 'gulp-sourcemap',
9 verbose parsed url   path: 'gulp-sourcemap',
9 verbose parsed url   href: 'gulp-sourcemap' }
10 silly lockFile cf95f475-gulp-sourcemap gulp-sourcemap
11 verbose lock gulp-sourcemap C:\Users\tan.nd\AppData\Roaming\npm-cache\cf95f475-gulp-sourcemap.lock
12 silly lockFile cf95f475-gulp-sourcemap gulp-sourcemap
13 silly lockFile cf95f475-gulp-sourcemap gulp-sourcemap
14 verbose addNamed [ 'gulp-sourcemap', '' ]
15 verbose addNamed [ null, '*' ]
16 silly lockFile 4a079ad1-gulp-sourcemap gulp-sourcemap@
17 verbose lock gulp-sourcemap@ C:\Users\tan.nd\AppData\Roaming\npm-cache\4a079ad1-gulp-sourcemap.lock
18 silly addNameRange { name: 'gulp-sourcemap', range: '*', hasData: false }
19 verbose request where is /gulp-sourcemap
20 verbose request registry https://registry.npmjs.org/
21 verbose request id 13addb0f94897a3d
22 verbose url raw /gulp-sourcemap
23 verbose url resolving [ 'https://registry.npmjs.org/', './gulp-sourcemap' ]
24 verbose url resolved https://registry.npmjs.org/gulp-sourcemap
25 verbose request where is https://registry.npmjs.org/gulp-sourcemap
26 info trying registry request attempt 1 at 11:05:09
27 http GET https://registry.npmjs.org/gulp-sourcemap
28 http 404 https://registry.npmjs.org/gulp-sourcemap
29 verbose headers { server: 'CouchDB/1.5.0 (Erlang OTP/R16B03)',
29 verbose headers   'content-type': 'application/json',
29 verbose headers   'cache-control': 'max-age=0',
29 verbose headers   'content-length': '51',
29 verbose headers   'accept-ranges': 'bytes',
29 verbose headers   date: 'Wed, 22 Jul 2015 04:04:59 GMT',
29 verbose headers   via: '1.1 varnish',
29 verbose headers   age: '0',
29 verbose headers   connection: 'keep-alive',
29 verbose headers   'x-served-by': 'cache-hkg6823-HKG',
29 verbose headers   'x-cache': 'MISS',
29 verbose headers   'x-cache-hits': '0',
29 verbose headers   'x-timer': 'S1437537899.616324,VS0,VE169' }
30 silly registry.get cb [ 404,
30 silly registry.get   { server: 'CouchDB/1.5.0 (Erlang OTP/R16B03)',
30 silly registry.get     'content-type': 'application/json',
30 silly registry.get     'cache-control': 'max-age=0',
30 silly registry.get     'content-length': '51',
30 silly registry.get     'accept-ranges': 'bytes',
30 silly registry.get     date: 'Wed, 22 Jul 2015 04:04:59 GMT',
30 silly registry.get     via: '1.1 varnish',
30 silly registry.get     age: '0',
30 silly registry.get     connection: 'keep-alive',
30 silly registry.get     'x-served-by': 'cache-hkg6823-HKG',
30 silly registry.get     'x-cache': 'MISS',
30 silly registry.get     'x-cache-hits': '0',
30 silly registry.get     'x-timer': 'S1437537899.616324,VS0,VE169' } ]
31 silly lockFile 4a079ad1-gulp-sourcemap gulp-sourcemap@
32 silly lockFile 4a079ad1-gulp-sourcemap gulp-sourcemap@
33 error 404 404 Not Found: gulp-sourcemap
33 error 404
33 error 404 'gulp-sourcemap' is not in the npm registry.
33 error 404 You should bug the author to publish it
33 error 404 It was specified as a dependency of 'TIPLY-FRONTEND'
33 error 404
33 error 404 Note that you can also install from a
33 error 404 tarball, folder, or http url, or git url.
34 error System Windows_NT 6.2.9200
35 error command "c:\\Program Files\\nodejs\\node.exe" "c:\\Program Files\\nodejs\\node_modules\\npm\\bin\\npm-cli.js" "install" "--save" "gulp-sourcemap"
36 error cwd d:\test\free\tiply
37 error node -v v0.10.36
38 error npm -v 1.4.28
39 error code E404
40 verbose exit [ 1, true ]
